<?xml version="1.0" encoding="UTF-8"?>
<testsuites name="POCcollection" time="53.046" tests="3" failures="0" errors="0">
   <testsuite name="POCcollection" tests="3" failures="0" errors="0" time="53.046" skipped="0" timestamp="2024-02-28 11:46:46" hostname="A1061235 - DESKTOP-N91SSCP.hewitt.com" id="Test Suites/POCcollection">
      <properties>
         <property name="deviceName" value=""/>
         <property name="devicePlatform" value=""/>
         <property name="logFolder" value="D:\\Users\\A1061235\\git\\Katalon_POC_2024\\Reports\\20240228_114641\\POCcollection\\20240228_114641"/>
         <property name="logFiles" value="D:\\Users\\A1061235\\git\\Katalon_POC_2024\\Reports\\20240228_114641\\POCcollection\\20240228_114641\\execution0.log"/>
         <property name="attachments" value=""/>
         <property name="hostName" value="A1061235 - DESKTOP-N91SSCP.hewitt.com"/>
         <property name="os" value="Windows 10 64bit"/>
         <property name="katalonVersion" value="8.6.8.208"/>
         <property name="browser" value="Firefox 115.0"/>
         <property name="hostAddress" value="10.41.140.178"/>
         <property name="sessionId" value="15f48cc6-38c8-478f-93b4-648842a3e5e2"/>
         <property name="seleniumVersion" value="3.141.59"/>
         <property name="proxyInformation" value="ProxyInformation { proxyOption=NO_PROXY, proxyServerType=HTTP, username=, password=********, proxyServerAddress=, proxyServerPort=0, executionList=&quot;&quot;, isApplyToDesiredCapabilities=true }"/>
         <property name="platform" value="Windows 10"/>
      </properties>
      <testcase name="Test Cases/login" time="19.881" classname="Test Cases/login" status="PASSED">
         <system-out><![CDATA[2024-02-28 11:46:46 - [TEST_CASE][PASSED] - Test Cases/login: Test Cases/login

2024-02-28 11:46:46 - [TEST_STEP][PASSED] - openBrowser(URL): Browser is opened with url: 'https://katalon-demo-cura.herokuapp.com/'

2024-02-28 11:46:47 - [MESSAGE][INFO] - Starting 'Firefox' driver

2024-02-28 11:46:47 - [MESSAGE][INFO] - Action delay is set to 0 milliseconds

2024-02-28 11:46:56 - [MESSAGE][PASSED] - Browser is opened with url: 'https://katalon-demo-cura.herokuapp.com/'

2024-02-28 11:46:56 - [TEST_STEP][PASSED] - delay(4): Delayed 4 second(s)

2024-02-28 11:47:00 - [MESSAGE][PASSED] - Delayed 4 second(s)

2024-02-28 11:47:00 - [TEST_STEP][PASSED] - click(findTestObject("Object Repository/appointment")): Object: 'Object Repository/appointment' is clicked on

2024-02-28 11:47:01 - [MESSAGE][PASSED] - Object: 'Object Repository/appointment' is clicked on

2024-02-28 11:47:01 - [TEST_STEP][PASSED] - delay(4): Delayed 4 second(s)

2024-02-28 11:47:05 - [MESSAGE][PASSED] - Delayed 4 second(s)

2024-02-28 11:47:05 - [TEST_STEP][PASSED] - closeBrowser(): Browser is closed

2024-02-28 11:47:06 - [MESSAGE][PASSED] - Browser is closed]]></system-out>
         <system-err><![CDATA[]]></system-err>
      </testcase>
      <testcase name="Test Cases/loginp" time="20.101" classname="Test Cases/loginp" status="PASSED">
         <system-out><![CDATA[2024-02-28 11:47:06 - [TEST_CASE][PASSED] - Test Cases/loginp: Test Cases/loginp

2024-02-28 11:47:06 - [TEST_STEP][PASSED] - openBrowser(urls): Browser is opened with url: 'https://master-qp3.cba.qa.alight.com/safe'

2024-02-28 11:47:06 - [MESSAGE][INFO] - Starting 'Firefox' driver

2024-02-28 11:47:06 - [MESSAGE][INFO] - Action delay is set to 0 milliseconds

2024-02-28 11:47:12 - [MESSAGE][PASSED] - Browser is opened with url: 'https://master-qp3.cba.qa.alight.com/safe'

2024-02-28 11:47:12 - [TEST_STEP][PASSED] - delay(4): Delayed 4 second(s)

2024-02-28 11:47:16 - [MESSAGE][PASSED] - Delayed 4 second(s)

2024-02-28 11:47:16 - [TEST_STEP][PASSED] - click(findTestObject("Object Repository/continue_button")): Object: 'Object Repository/continue_button' is clicked on

2024-02-28 11:47:20 - [MESSAGE][PASSED] - Object: 'Object Repository/continue_button' is clicked on

2024-02-28 11:47:20 - [TEST_STEP][PASSED] - delay(4): Delayed 4 second(s)

2024-02-28 11:47:24 - [MESSAGE][PASSED] - Delayed 4 second(s)

2024-02-28 11:47:24 - [TEST_STEP][PASSED] - closeBrowser(): Browser is closed

2024-02-28 11:47:26 - [MESSAGE][PASSED] - Browser is closed]]></system-out>
         <system-err><![CDATA[]]></system-err>
      </testcase>
      <testcase name="Test Cases/trial" time="12.675" classname="Test Cases/trial" status="PASSED">
         <system-out><![CDATA[2024-02-28 11:47:26 - [TEST_CASE][PASSED] - Test Cases/trial: Test Cases/trial

2024-02-28 11:47:26 - [TEST_STEP][PASSED] - URL = "https://www.google.com/": null

2024-02-28 11:47:26 - [TEST_STEP][PASSED] - openBrowser(URL): Browser is opened with url: 'https://www.google.com/'

2024-02-28 11:47:26 - [MESSAGE][INFO] - Starting 'Firefox' driver

2024-02-28 11:47:26 - [MESSAGE][INFO] - Action delay is set to 0 milliseconds

2024-02-28 11:47:33 - [MESSAGE][PASSED] - Browser is opened with url: 'https://www.google.com/'

2024-02-28 11:47:33 - [TEST_STEP][PASSED] - delay(4): Delayed 4 second(s)

2024-02-28 11:47:37 - [MESSAGE][PASSED] - Delayed 4 second(s)

2024-02-28 11:47:37 - [TEST_STEP][PASSED] - closeBrowser(): Browser is closed

2024-02-28 11:47:39 - [MESSAGE][PASSED] - Browser is closed]]></system-out>
         <system-err><![CDATA[]]></system-err>
      </testcase>
      <system-out><![CDATA[2024-02-28 11:46:46 - [TEST_SUITE][PASSED] - POCcollection: Test Cases/trial]]></system-out>
      <system-err><![CDATA[]]></system-err>
   </testsuite>
</testsuites>
