<?xml version="1.0" encoding="UTF-8"?>
<testsuites name="POCcollection" time="56.415" tests="3" failures="0" errors="0">
   <testsuite name="POCcollection" tests="3" failures="0" errors="0" time="56.415" skipped="0" timestamp="19-03-2024T13:04:11" hostname="A1061235 - DESKTOP-N91SSCP.hewitt.com" id="Test Suites/POCcollection">
      <properties>
         <property name="deviceName" value=""/>
         <property name="devicePlatform" value=""/>
         <property name="logFolder" value="D:\\Users\\A1061235\\git\\Katalon_POC_2024\\Reports\\20240319_130351\\POCcollection\\20240319_130404"/>
         <property name="logFiles" value="D:\\Users\\A1061235\\git\\Katalon_POC_2024\\Reports\\20240319_130351\\POCcollection\\20240319_130404\\execution0.log"/>
         <property name="attachments" value=""/>
         <property name="hostName" value="A1061235 - DESKTOP-N91SSCP.hewitt.com"/>
         <property name="os" value="Windows 10 64bit"/>
         <property name="katalonVersion" value="9.3.2.212"/>
         <property name="browser" value="Chrome 122.0.0.0"/>
         <property name="hostAddress" value="10.41.140.178"/>
         <property name="sessionId" value="6c8605101248c8ca0803062ecd05a24f"/>
         <property name="seleniumVersion" value="3.141.59"/>
         <property name="proxyInformation" value="ProxyInformation { proxyOption=NO_PROXY, proxyServerType=HTTP, username=, password=********, proxyServerAddress=, proxyServerPort=0, executionList=&quot;&quot;, isApplyToDesiredCapabilities=true }"/>
         <property name="platform" value="Windows 10"/>
      </properties>
      <testcase name="Test Cases/login" time="21.5" classname="Test Cases/login" status="PASSED">
         <system-out><![CDATA[19-03-2024T13:04:11 - [TEST_CASE][PASSED] - Test Cases/login: Test Cases/login

19-03-2024T13:04:11 - [TEST_STEP][PASSED] - openBrowser(URL): Browser is opened with url: 'https://katalon-demo-cura.herokuapp.com/'

19-03-2024T13:04:12 - [MESSAGE][INFO] - Starting 'Chrome' driver

19-03-2024T13:04:12 - [MESSAGE][INFO] - Action delay is set to 0 milliseconds

19-03-2024T13:04:21 - [MESSAGE][PASSED] - Browser is opened with url: 'https://katalon-demo-cura.herokuapp.com/'

19-03-2024T13:04:21 - [TEST_STEP][PASSED] - delay(4): Delayed 4 second(s)

19-03-2024T13:04:25 - [MESSAGE][PASSED] - Delayed 4 second(s)

19-03-2024T13:04:25 - [TEST_STEP][PASSED] - click(findTestObject("Object Repository/appointment")): Object: 'Object Repository/appointment' is clicked on

19-03-2024T13:04:26 - [MESSAGE][PASSED] - Object: 'Object Repository/appointment' is clicked on

19-03-2024T13:04:26 - [TEST_STEP][PASSED] - delay(4): Delayed 4 second(s)

19-03-2024T13:04:30 - [MESSAGE][PASSED] - Delayed 4 second(s)

19-03-2024T13:04:30 - [TEST_STEP][PASSED] - closeBrowser(): Browser is closed

19-03-2024T13:04:33 - [MESSAGE][PASSED] - Browser is closed]]></system-out>
         <system-err><![CDATA[]]></system-err>
      </testcase>
      <testcase name="Test Cases/loginp" time="23.977" classname="Test Cases/loginp" status="PASSED">
         <system-out><![CDATA[19-03-2024T13:04:33 - [TEST_CASE][PASSED] - Test Cases/loginp: Test Cases/loginp

19-03-2024T13:04:33 - [TEST_STEP][PASSED] - openBrowser(urls): Browser is opened with url: 'https://master-qp3.cba.qa.alight.com/safe'

19-03-2024T13:04:33 - [MESSAGE][INFO] - Starting 'Chrome' driver

19-03-2024T13:04:33 - [MESSAGE][INFO] - Action delay is set to 0 milliseconds

19-03-2024T13:04:45 - [MESSAGE][PASSED] - Browser is opened with url: 'https://master-qp3.cba.qa.alight.com/safe'

19-03-2024T13:04:45 - [TEST_STEP][PASSED] - delay(4): Delayed 4 second(s)

19-03-2024T13:04:49 - [MESSAGE][PASSED] - Delayed 4 second(s)

19-03-2024T13:04:49 - [TEST_STEP][PASSED] - click(findTestObject("Object Repository/continue_button")): Object: 'Object Repository/continue_button' is clicked on

19-03-2024T13:04:51 - [MESSAGE][PASSED] - Object: 'Object Repository/continue_button' is clicked on

19-03-2024T13:04:51 - [TEST_STEP][PASSED] - delay(4): Delayed 4 second(s)

19-03-2024T13:04:55 - [MESSAGE][PASSED] - Delayed 4 second(s)

19-03-2024T13:04:55 - [TEST_STEP][PASSED] - closeBrowser(): Browser is closed

19-03-2024T13:04:57 - [MESSAGE][PASSED] - Browser is closed]]></system-out>
         <system-err><![CDATA[]]></system-err>
      </testcase>
      <testcase name="Test Cases/trial" time="10.57" classname="Test Cases/trial" status="PASSED">
         <system-out><![CDATA[19-03-2024T13:04:57 - [TEST_CASE][PASSED] - Test Cases/trial: Test Cases/trial

19-03-2024T13:04:57 - [TEST_STEP][PASSED] - URL = "https://www.google.com/": null

19-03-2024T13:04:57 - [TEST_STEP][PASSED] - openBrowser(URL): Browser is opened with url: 'https://www.google.com/'

19-03-2024T13:04:57 - [MESSAGE][INFO] - Starting 'Chrome' driver

19-03-2024T13:04:57 - [MESSAGE][INFO] - Action delay is set to 0 milliseconds

19-03-2024T13:05:03 - [MESSAGE][PASSED] - Browser is opened with url: 'https://www.google.com/'

19-03-2024T13:05:03 - [TEST_STEP][PASSED] - delay(4): Delayed 4 second(s)

19-03-2024T13:05:07 - [MESSAGE][PASSED] - Delayed 4 second(s)

19-03-2024T13:05:07 - [TEST_STEP][PASSED] - closeBrowser(): Browser is closed

19-03-2024T13:05:07 - [MESSAGE][PASSED] - Browser is closed]]></system-out>
         <system-err><![CDATA[]]></system-err>
      </testcase>
      <system-out><![CDATA[19-03-2024T13:04:11 - [TEST_SUITE][PASSED] - POCcollection: Test Cases/trial]]></system-out>
      <system-err><![CDATA[]]></system-err>
   </testsuite>
</testsuites>
