<?xml version="1.0" encoding="UTF-8"?>
<testsuites name="POCcollection" time="51.549" tests="3" failures="0" errors="0">
   <testsuite name="POCcollection" tests="3" failures="0" errors="0" time="51.549" skipped="0" timestamp="2024-02-27 11:49:43" hostname="A1061235 - DESKTOP-N91SSCP.hewitt.com" id="Test Suites/POCcollection">
      <properties>
         <property name="deviceName" value=""/>
         <property name="devicePlatform" value=""/>
         <property name="logFolder" value="D:\\Users\\A1061235\\git\\Katalon_POC_2024\\Reports\\20240227_114940\\POCcollection\\20240227_114940"/>
         <property name="logFiles" value="D:\\Users\\A1061235\\git\\Katalon_POC_2024\\Reports\\20240227_114940\\POCcollection\\20240227_114940\\execution0.log"/>
         <property name="attachments" value=""/>
         <property name="hostName" value="A1061235 - DESKTOP-N91SSCP.hewitt.com"/>
         <property name="os" value="Windows 10 64bit"/>
         <property name="katalonVersion" value="8.6.8.208"/>
         <property name="browser" value="Firefox 115.0"/>
         <property name="hostAddress" value="10.41.140.178"/>
         <property name="sessionId" value="70bb2ffc-80d2-4666-bb62-d9171c0c5187"/>
         <property name="seleniumVersion" value="3.141.59"/>
         <property name="proxyInformation" value="ProxyInformation { proxyOption=NO_PROXY, proxyServerType=HTTP, username=, password=********, proxyServerAddress=, proxyServerPort=0, executionList=&quot;&quot;, isApplyToDesiredCapabilities=true }"/>
         <property name="platform" value="Windows 10"/>
      </properties>
      <testcase name="Test Cases/login" time="19.1" classname="Test Cases/login" status="PASSED">
         <system-out><![CDATA[2024-02-27 11:49:43 - [TEST_CASE][PASSED] - Test Cases/login: Test Cases/login

2024-02-27 11:49:44 - [TEST_STEP][PASSED] - openBrowser(URL): Browser is opened with url: 'https://katalon-demo-cura.herokuapp.com/'

2024-02-27 11:49:45 - [MESSAGE][INFO] - Starting 'Firefox' driver

2024-02-27 11:49:45 - [MESSAGE][INFO] - Action delay is set to 0 milliseconds

2024-02-27 11:49:52 - [MESSAGE][PASSED] - Browser is opened with url: 'https://katalon-demo-cura.herokuapp.com/'

2024-02-27 11:49:52 - [TEST_STEP][PASSED] - delay(4): Delayed 4 second(s)

2024-02-27 11:49:56 - [MESSAGE][PASSED] - Delayed 4 second(s)

2024-02-27 11:49:56 - [TEST_STEP][PASSED] - click(findTestObject("Object Repository/appointment")): Object: 'Object Repository/appointment' is clicked on

2024-02-27 11:49:57 - [MESSAGE][PASSED] - Object: 'Object Repository/appointment' is clicked on

2024-02-27 11:49:57 - [TEST_STEP][PASSED] - delay(4): Delayed 4 second(s)

2024-02-27 11:50:01 - [MESSAGE][PASSED] - Delayed 4 second(s)

2024-02-27 11:50:01 - [TEST_STEP][PASSED] - closeBrowser(): Browser is closed

2024-02-27 11:50:03 - [MESSAGE][PASSED] - Browser is closed]]></system-out>
         <system-err><![CDATA[]]></system-err>
      </testcase>
      <testcase name="Test Cases/loginp" time="19.523" classname="Test Cases/loginp" status="PASSED">
         <system-out><![CDATA[2024-02-27 11:50:03 - [TEST_CASE][PASSED] - Test Cases/loginp: Test Cases/loginp

2024-02-27 11:50:03 - [TEST_STEP][PASSED] - openBrowser(urls): Browser is opened with url: 'https://master-qp3.cba.qa.alight.com/safe'

2024-02-27 11:50:03 - [MESSAGE][INFO] - Starting 'Firefox' driver

2024-02-27 11:50:03 - [MESSAGE][INFO] - Action delay is set to 0 milliseconds

2024-02-27 11:50:09 - [MESSAGE][PASSED] - Browser is opened with url: 'https://master-qp3.cba.qa.alight.com/safe'

2024-02-27 11:50:09 - [TEST_STEP][PASSED] - delay(4): Delayed 4 second(s)

2024-02-27 11:50:13 - [MESSAGE][PASSED] - Delayed 4 second(s)

2024-02-27 11:50:13 - [TEST_STEP][PASSED] - click(findTestObject("Object Repository/continue_button")): Object: 'Object Repository/continue_button' is clicked on

2024-02-27 11:50:17 - [MESSAGE][PASSED] - Object: 'Object Repository/continue_button' is clicked on

2024-02-27 11:50:17 - [TEST_STEP][PASSED] - delay(4): Delayed 4 second(s)

2024-02-27 11:50:21 - [MESSAGE][PASSED] - Delayed 4 second(s)

2024-02-27 11:50:21 - [TEST_STEP][PASSED] - closeBrowser(): Browser is closed

2024-02-27 11:50:22 - [MESSAGE][PASSED] - Browser is closed]]></system-out>
         <system-err><![CDATA[]]></system-err>
      </testcase>
      <testcase name="Test Cases/trial" time="12.572" classname="Test Cases/trial" status="PASSED">
         <system-out><![CDATA[2024-02-27 11:50:22 - [TEST_CASE][PASSED] - Test Cases/trial: Test Cases/trial

2024-02-27 11:50:22 - [TEST_STEP][PASSED] - URL = "https://www.google.com/": null

2024-02-27 11:50:22 - [TEST_STEP][PASSED] - openBrowser(URL): Browser is opened with url: 'https://www.google.com/'

2024-02-27 11:50:22 - [MESSAGE][INFO] - Starting 'Firefox' driver

2024-02-27 11:50:22 - [MESSAGE][INFO] - Action delay is set to 0 milliseconds

2024-02-27 11:50:29 - [MESSAGE][PASSED] - Browser is opened with url: 'https://www.google.com/'

2024-02-27 11:50:29 - [TEST_STEP][PASSED] - delay(4): Delayed 4 second(s)

2024-02-27 11:50:33 - [MESSAGE][PASSED] - Delayed 4 second(s)

2024-02-27 11:50:33 - [TEST_STEP][PASSED] - closeBrowser(): Browser is closed

2024-02-27 11:50:35 - [MESSAGE][PASSED] - Browser is closed]]></system-out>
         <system-err><![CDATA[]]></system-err>
      </testcase>
      <system-out><![CDATA[2024-02-27 11:49:43 - [TEST_SUITE][PASSED] - POCcollection: Test Cases/trial]]></system-out>
      <system-err><![CDATA[]]></system-err>
   </testsuite>
</testsuites>
