<?xml version="1.0" encoding="UTF-8"?>
<testsuites name="POCcollection" time="29.679" tests="3" failures="0" errors="0">
   <testsuite name="POCcollection" tests="3" failures="0" errors="0" time="29.679" skipped="0" timestamp="2024-03-19 13:39:45" hostname="A1061235 - DESKTOP-N91SSCP.hewitt.com" id="Test Suites/POCcollection">
      <properties>
         <property name="deviceName" value=""/>
         <property name="devicePlatform" value=""/>
         <property name="logFolder" value="D:\\Users\\A1061235\\git\\Katalon_POC20\\Reports\\20240319_133940\\POCcollection\\20240319_133940"/>
         <property name="logFiles" value="D:\\Users\\A1061235\\git\\Katalon_POC20\\Reports\\20240319_133940\\POCcollection\\20240319_133940\\execution0.log"/>
         <property name="attachments" value=""/>
         <property name="hostName" value="A1061235 - DESKTOP-N91SSCP.hewitt.com"/>
         <property name="os" value="Windows 10 64bit"/>
         <property name="katalonVersion" value="8.6.8.208"/>
         <property name="browser" value="Chrome 122.0.0.0"/>
         <property name="hostAddress" value="10.41.140.178"/>
         <property name="sessionId" value="afe13ceb20f7707cab04bd9b83f684a4"/>
         <property name="seleniumVersion" value="3.141.59"/>
         <property name="proxyInformation" value="ProxyInformation { proxyOption=NO_PROXY, proxyServerType=HTTP, username=, password=********, proxyServerAddress=, proxyServerPort=0, executionList=&quot;&quot;, isApplyToDesiredCapabilities=true }"/>
         <property name="platform" value="Windows 10"/>
      </properties>
      <testcase name="Test Cases/login" time="17.823" classname="Test Cases/login" status="PASSED">
         <system-out><![CDATA[2024-03-19 13:39:45 - [TEST_CASE][PASSED] - Test Cases/login: Test Cases/login

2024-03-19 13:39:46 - [TEST_STEP][PASSED] - openBrowser(URL): Browser is opened with url: 'https://katalon-demo-cura.herokuapp.com/'

2024-03-19 13:39:47 - [MESSAGE][INFO] - Starting 'Chrome' driver

2024-03-19 13:39:47 - [MESSAGE][INFO] - Action delay is set to 0 milliseconds

2024-03-19 13:39:53 - [MESSAGE][PASSED] - Browser is opened with url: 'https://katalon-demo-cura.herokuapp.com/'

2024-03-19 13:39:53 - [TEST_STEP][PASSED] - delay(4): Delayed 4 second(s)

2024-03-19 13:39:57 - [MESSAGE][PASSED] - Delayed 4 second(s)

2024-03-19 13:39:57 - [TEST_STEP][PASSED] - click(findTestObject("Object Repository/appointment")): Object: 'Object Repository/appointment' is clicked on

2024-03-19 13:39:58 - [MESSAGE][PASSED] - Object: 'Object Repository/appointment' is clicked on

2024-03-19 13:39:58 - [TEST_STEP][PASSED] - delay(4): Delayed 4 second(s)

2024-03-19 13:40:02 - [MESSAGE][PASSED] - Delayed 4 second(s)

2024-03-19 13:40:02 - [TEST_STEP][PASSED] - closeBrowser(): Browser is closed

2024-03-19 13:40:03 - [MESSAGE][PASSED] - Browser is closed]]></system-out>
         <system-err><![CDATA[]]></system-err>
      </testcase>
      <testcase name="Test Cases/trial" time="8.25" classname="Test Cases/trial" status="PASSED">
         <system-out><![CDATA[2024-03-19 13:40:03 - [TEST_CASE][PASSED] - Test Cases/trial: Test Cases/trial

2024-03-19 13:40:04 - [TEST_STEP][PASSED] - URL = "https://www.google.com/": null

2024-03-19 13:40:04 - [TEST_STEP][PASSED] - openBrowser(URL): Browser is opened with url: 'https://www.google.com/'

2024-03-19 13:40:04 - [MESSAGE][INFO] - Starting 'Chrome' driver

2024-03-19 13:40:04 - [MESSAGE][INFO] - Action delay is set to 0 milliseconds

2024-03-19 13:40:07 - [MESSAGE][PASSED] - Browser is opened with url: 'https://www.google.com/'

2024-03-19 13:40:07 - [TEST_STEP][PASSED] - delay(4): Delayed 4 second(s)

2024-03-19 13:40:11 - [MESSAGE][PASSED] - Delayed 4 second(s)

2024-03-19 13:40:11 - [TEST_STEP][PASSED] - closeBrowser(): Browser is closed

2024-03-19 13:40:11 - [MESSAGE][PASSED] - Browser is closed]]></system-out>
         <system-err><![CDATA[]]></system-err>
      </testcase>
      <testcase name="Test Cases/loginp2" time="3.142" classname="Test Cases/loginp2" status="PASSED">
         <system-out><![CDATA[2024-03-19 13:40:11 - [TEST_CASE][PASSED] - Test Cases/loginp2: Test Cases/loginp2

2024-03-19 13:40:12 - [TEST_STEP][PASSED] - openBrowser(""): Browser is opened with url: ''

2024-03-19 13:40:12 - [MESSAGE][INFO] - Starting 'Chrome' driver

2024-03-19 13:40:12 - [MESSAGE][INFO] - Action delay is set to 0 milliseconds

2024-03-19 13:40:14 - [MESSAGE][PASSED] - Browser is opened with url: ''

2024-03-19 13:40:14 - [TEST_STEP][PASSED] - navigateToUrl("https://master-qy2.cba.qa.alight.com/safe/version.jsp"): Navigate to 'https://master-qy2.cba.qa.alight.com/safe/version.jsp' successfully

2024-03-19 13:40:15 - [MESSAGE][PASSED] - Navigate to 'https://master-qy2.cba.qa.alight.com/safe/version.jsp' successfully]]></system-out>
         <system-err><![CDATA[]]></system-err>
      </testcase>
      <system-out><![CDATA[2024-03-19 13:39:45 - [TEST_SUITE][PASSED] - POCcollection: Test Cases/loginp2]]></system-out>
      <system-err><![CDATA[]]></system-err>
   </testsuite>
</testsuites>
