<?xml version="1.0" encoding="UTF-8"?>
<testsuites name="POCcollection" time="47.76" tests="3" failures="0" errors="0">
   <testsuite name="POCcollection" tests="3" failures="0" errors="0" time="47.76" skipped="0" timestamp="2024-02-26 14:44:05" hostname="A1061235 - DESKTOP-N91SSCP.hewitt.com" id="Test Suites/POCcollection">
      <properties>
         <property name="deviceName" value=""/>
         <property name="devicePlatform" value=""/>
         <property name="logFolder" value="D:\\Users\\A1061235\\git\\Katalon_POC_2024\\Reports\\20240226_144401\\POCcollection\\20240226_144401"/>
         <property name="logFiles" value="D:\\Users\\A1061235\\git\\Katalon_POC_2024\\Reports\\20240226_144401\\POCcollection\\20240226_144401\\execution0.log"/>
         <property name="attachments" value=""/>
         <property name="hostName" value="A1061235 - DESKTOP-N91SSCP.hewitt.com"/>
         <property name="os" value="Windows 10 64bit"/>
         <property name="katalonVersion" value="8.6.8.208"/>
         <property name="browser" value="Firefox 115.0"/>
         <property name="hostAddress" value="10.41.140.178"/>
         <property name="sessionId" value="fe364b5d-da69-41d0-b593-69035c826510"/>
         <property name="seleniumVersion" value="3.141.59"/>
         <property name="proxyInformation" value="ProxyInformation { proxyOption=NO_PROXY, proxyServerType=HTTP, username=, password=********, proxyServerAddress=, proxyServerPort=0, executionList=&quot;&quot;, isApplyToDesiredCapabilities=true }"/>
         <property name="platform" value="Windows 10"/>
      </properties>
      <testcase name="Test Cases/login" time="18.92" classname="Test Cases/login" status="PASSED">
         <system-out><![CDATA[2024-02-26 14:44:05 - [TEST_CASE][PASSED] - Test Cases/login: Test Cases/login

2024-02-26 14:44:05 - [TEST_STEP][PASSED] - openBrowser(URL): Browser is opened with url: 'https://katalon-demo-cura.herokuapp.com/'

2024-02-26 14:44:06 - [MESSAGE][INFO] - Starting 'Firefox' driver

2024-02-26 14:44:06 - [MESSAGE][INFO] - Action delay is set to 0 milliseconds

2024-02-26 14:44:14 - [MESSAGE][PASSED] - Browser is opened with url: 'https://katalon-demo-cura.herokuapp.com/'

2024-02-26 14:44:14 - [TEST_STEP][PASSED] - delay(4): Delayed 4 second(s)

2024-02-26 14:44:18 - [MESSAGE][PASSED] - Delayed 4 second(s)

2024-02-26 14:44:18 - [TEST_STEP][PASSED] - click(findTestObject("Object Repository/appointment")): Object: 'Object Repository/appointment' is clicked on

2024-02-26 14:44:19 - [MESSAGE][PASSED] - Object: 'Object Repository/appointment' is clicked on

2024-02-26 14:44:19 - [TEST_STEP][PASSED] - delay(4): Delayed 4 second(s)

2024-02-26 14:44:23 - [MESSAGE][PASSED] - Delayed 4 second(s)

2024-02-26 14:44:23 - [TEST_STEP][PASSED] - closeBrowser(): Browser is closed

2024-02-26 14:44:24 - [MESSAGE][PASSED] - Browser is closed]]></system-out>
         <system-err><![CDATA[]]></system-err>
      </testcase>
      <testcase name="Test Cases/loginp" time="16.091" classname="Test Cases/loginp" status="PASSED">
         <system-out><![CDATA[2024-02-26 14:44:24 - [TEST_CASE][PASSED] - Test Cases/loginp: Test Cases/loginp

2024-02-26 14:44:24 - [TEST_STEP][PASSED] - openBrowser(urls): Browser is opened with url: 'https://master-qp3.cba.qa.alight.com/safe'

2024-02-26 14:44:24 - [MESSAGE][INFO] - Starting 'Firefox' driver

2024-02-26 14:44:24 - [MESSAGE][INFO] - Action delay is set to 0 milliseconds

2024-02-26 14:44:30 - [MESSAGE][PASSED] - Browser is opened with url: 'https://master-qp3.cba.qa.alight.com/safe'

2024-02-26 14:44:30 - [TEST_STEP][PASSED] - delay(4): Delayed 4 second(s)

2024-02-26 14:44:34 - [MESSAGE][PASSED] - Delayed 4 second(s)

2024-02-26 14:44:34 - [TEST_STEP][PASSED] - click(findTestObject("Object Repository/continue_button")): Object: 'Object Repository/continue_button' is clicked on

2024-02-26 14:44:35 - [MESSAGE][PASSED] - Object: 'Object Repository/continue_button' is clicked on

2024-02-26 14:44:35 - [TEST_STEP][PASSED] - delay(4): Delayed 4 second(s)

2024-02-26 14:44:39 - [MESSAGE][PASSED] - Delayed 4 second(s)

2024-02-26 14:44:39 - [TEST_STEP][PASSED] - closeBrowser(): Browser is closed

2024-02-26 14:44:40 - [MESSAGE][PASSED] - Browser is closed]]></system-out>
         <system-err><![CDATA[]]></system-err>
      </testcase>
      <testcase name="Test Cases/trial" time="12.378" classname="Test Cases/trial" status="PASSED">
         <system-out><![CDATA[2024-02-26 14:44:40 - [TEST_CASE][PASSED] - Test Cases/trial: Test Cases/trial

2024-02-26 14:44:40 - [TEST_STEP][PASSED] - URL = "https://www.google.com/": null

2024-02-26 14:44:40 - [TEST_STEP][PASSED] - openBrowser(URL): Browser is opened with url: 'https://www.google.com/'

2024-02-26 14:44:40 - [MESSAGE][INFO] - Starting 'Firefox' driver

2024-02-26 14:44:40 - [MESSAGE][INFO] - Action delay is set to 0 milliseconds

2024-02-26 14:44:47 - [MESSAGE][PASSED] - Browser is opened with url: 'https://www.google.com/'

2024-02-26 14:44:47 - [TEST_STEP][PASSED] - delay(4): Delayed 4 second(s)

2024-02-26 14:44:51 - [MESSAGE][PASSED] - Delayed 4 second(s)

2024-02-26 14:44:51 - [TEST_STEP][PASSED] - closeBrowser(): Browser is closed

2024-02-26 14:44:52 - [MESSAGE][PASSED] - Browser is closed]]></system-out>
         <system-err><![CDATA[]]></system-err>
      </testcase>
      <system-out><![CDATA[2024-02-26 14:44:05 - [TEST_SUITE][PASSED] - POCcollection: Test Cases/trial]]></system-out>
      <system-err><![CDATA[]]></system-err>
   </testsuite>
</testsuites>
